<?xml version="1.0" encoding="UTF-8"?>
<!-- Generated by org.testng.reporters.JUnitXMLReporter -->
<testsuite hostname="LT2388005" name="Test-1" tests="1" failures="0" timestamp="23 Dec 2019 11:01:28 GMT" time="34.322" errors="0">
  <testcase name="@AfterMethod AfterTM" time="0.0" classname="com.nfa.app.NFALoginTest">
    <failure type="org.openqa.selenium.NoSuchSessionException" message="Session ID is null. Using WebDriver after calling quit()?
Build info: version: &amp;apos;4.0.0-alpha-3&amp;apos;, revision: &amp;apos;8c567de6dc&amp;apos;
System info: host: &amp;apos;LT2388005&amp;apos;, ip: &amp;apos;10.24.62.226&amp;apos;, os.name: &amp;apos;Windows 10&amp;apos;, os.arch: &amp;apos;amd64&amp;apos;, os.version: &amp;apos;10.0&amp;apos;, java.version: &amp;apos;1.8.0_121&amp;apos;
Driver info: driver.version: RemoteWebDriver">
      <![CDATA[org.openqa.selenium.NoSuchSessionException: Session ID is null. Using WebDriver after calling quit()?
Build info: version: '4.0.0-alpha-3', revision: '8c567de6dc'
System info: host: 'LT2388005', ip: '10.24.62.226', os.name: 'Windows 10', os.arch: 'amd64', os.version: '10.0', java.version: '1.8.0_121'
Driver info: driver.version: RemoteWebDriver
	at org.openqa.selenium.remote.HttpCommandExecutor.execute(HttpCommandExecutor.java:128)
	at org.openqa.selenium.remote.service.DriverCommandExecutor.execute(DriverCommandExecutor.java:83)
	at org.openqa.selenium.remote.RemoteWebDriver.execute(RemoteWebDriver.java:576)
	at org.openqa.selenium.remote.RemoteWebDriver.execute(RemoteWebDriver.java:633)
	at org.openqa.selenium.remote.RemoteWebDriver.execute(RemoteWebDriver.java:637)
	at org.openqa.selenium.remote.RemoteWebDriver.getScreenshotAs(RemoteWebDriver.java:297)
	at com.nfa.action.Action.GetScreenShot(Action.java:60)
	at com.nfa.action.Action.teardown(Action.java:53)
	at com.nfa.app.NFALoginTest.AfterTM(NFALoginTest.java:46)
... Removed 27 stack frames]]>
    </failure>
  </testcase> <!-- @AfterMethod AfterTM -->
  <testcase name="@AfterTest afterT" time="0.0" classname="com.nfa.app.NFALoginTest">
    <skipped/>
  </testcase> <!-- @AfterTest afterT -->
  <testcase name="NFALogin" time="19.71" classname="com.nfa.app.NFALoginTest"/>
</testsuite> <!-- Test-1 -->
